{"/home/runner/work/simple-keyboard-key-navigation/simple-keyboard-key-navigation/scripts/testMock.js": {"path":"/home/runner/work/simple-keyboard-key-navigation/simple-keyboard-key-navigation/scripts/testMock.js","statementMap":{"0":{"start":{"line":1,"column":0},"end":{"line":1,"column":20}}},"fnMap":{},"branchMap":{},"s":{"0":1},"f":{},"b":{},"_coverageSchema":"43e27e138ebf9cfc5966b082cf9a028302ed4184","hash":"1a678f45381311974eb2c2fb97c1c99898481fd7"}
,"/home/runner/work/simple-keyboard-key-navigation/simple-keyboard-key-navigation/src/index.js": {"path":"/home/runner/work/simple-keyboard-key-navigation/simple-keyboard-key-navigation/src/index.js","statementMap":{"0":{"start":{"line":4,"column":9},"end":{"line":124,"column":3}},"1":{"start":{"line":5,"column":4},"end":{"line":123,"column":7}},"2":{"start":{"line":6,"column":6},"end":{"line":13,"column":8}},"3":{"start":{"line":7,"column":8},"end":{"line":10,"column":10}},"4":{"start":{"line":11,"column":8},"end":{"line":11,"column":45}},"5":{"start":{"line":12,"column":8},"end":{"line":12,"column":62}},"6":{"start":{"line":15,"column":6},"end":{"line":17,"column":8}},"7":{"start":{"line":16,"column":8},"end":{"line":16,"column":31}},"8":{"start":{"line":19,"column":6},"end":{"line":24,"column":8}},"9":{"start":{"line":20,"column":25},"end":{"line":20,"column":42}},"10":{"start":{"line":21,"column":8},"end":{"line":23,"column":10}},"11":{"start":{"line":26,"column":6},"end":{"line":48,"column":8}},"12":{"start":{"line":27,"column":24},"end":{"line":27,"column":58}},"13":{"start":{"line":29,"column":8},"end":{"line":47,"column":9}},"14":{"start":{"line":30,"column":10},"end":{"line":32,"column":11}},"15":{"start":{"line":31,"column":12},"end":{"line":31,"column":62}},"16":{"start":{"line":34,"column":10},"end":{"line":34,"column":50}},"17":{"start":{"line":36,"column":10},"end":{"line":36,"column":39}},"18":{"start":{"line":38,"column":10},"end":{"line":41,"column":12}},"19":{"start":{"line":43,"column":10},"end":{"line":46,"column":14}},"20":{"start":{"line":44,"column":12},"end":{"line":46,"column":14}},"21":{"start":{"line":50,"column":6},"end":{"line":66,"column":8}},"22":{"start":{"line":51,"column":21},"end":{"line":51,"column":60}},"23":{"start":{"line":52,"column":21},"end":{"line":52,"column":49}},"24":{"start":{"line":54,"column":8},"end":{"line":63,"column":9}},"25":{"start":{"line":55,"column":10},"end":{"line":62,"column":11}},"26":{"start":{"line":55,"column":23},"end":{"line":55,"column":29}},"27":{"start":{"line":56,"column":27},"end":{"line":56,"column":56}},"28":{"start":{"line":58,"column":12},"end":{"line":61,"column":13}},"29":{"start":{"line":59,"column":14},"end":{"line":59,"column":25}},"30":{"start":{"line":60,"column":14},"end":{"line":60,"column":20}},"31":{"start":{"line":65,"column":8},"end":{"line":65,"column":41}},"32":{"start":{"line":68,"column":6},"end":{"line":84,"column":8}},"33":{"start":{"line":69,"column":21},"end":{"line":69,"column":60}},"34":{"start":{"line":70,"column":21},"end":{"line":70,"column":49}},"35":{"start":{"line":72,"column":8},"end":{"line":81,"column":9}},"36":{"start":{"line":73,"column":10},"end":{"line":80,"column":11}},"37":{"start":{"line":73,"column":23},"end":{"line":73,"column":29}},"38":{"start":{"line":74,"column":27},"end":{"line":74,"column":56}},"39":{"start":{"line":76,"column":12},"end":{"line":79,"column":13}},"40":{"start":{"line":77,"column":14},"end":{"line":77,"column":25}},"41":{"start":{"line":78,"column":14},"end":{"line":78,"column":20}},"42":{"start":{"line":83,"column":8},"end":{"line":83,"column":41}},"43":{"start":{"line":86,"column":6},"end":{"line":91,"column":8}},"44":{"start":{"line":87,"column":21},"end":{"line":87,"column":46}},"45":{"start":{"line":88,"column":21},"end":{"line":88,"column":63}},"46":{"start":{"line":90,"column":8},"end":{"line":90,"column":41}},"47":{"start":{"line":93,"column":6},"end":{"line":98,"column":8}},"48":{"start":{"line":94,"column":21},"end":{"line":94,"column":46}},"49":{"start":{"line":95,"column":21},"end":{"line":95,"column":63}},"50":{"start":{"line":97,"column":8},"end":{"line":97,"column":41}},"51":{"start":{"line":100,"column":6},"end":{"line":104,"column":8}},"52":{"start":{"line":101,"column":8},"end":{"line":103,"column":9}},"53":{"start":{"line":102,"column":10},"end":{"line":102,"column":37}},"54":{"start":{"line":106,"column":6},"end":{"line":106,"column":21}},"55":{"start":{"line":107,"column":6},"end":{"line":107,"column":45}},"56":{"start":{"line":109,"column":6},"end":{"line":122,"column":8}},"57":{"start":{"line":110,"column":8},"end":{"line":119,"column":9}},"58":{"start":{"line":114,"column":10},"end":{"line":115,"column":66}},"59":{"start":{"line":115,"column":12},"end":{"line":115,"column":66}},"60":{"start":{"line":117,"column":10},"end":{"line":117,"column":55}},"61":{"start":{"line":118,"column":10},"end":{"line":118,"column":30}},"62":{"start":{"line":121,"column":8},"end":{"line":121,"column":29}}},"fnMap":{"0":{"name":"(anonymous_0)","decl":{"start":{"line":4,"column":9},"end":{"line":4,"column":10}},"loc":{"start":{"line":4,"column":21},"end":{"line":124,"column":3}},"line":4},"1":{"name":"(anonymous_1)","decl":{"start":{"line":5,"column":45},"end":{"line":5,"column":46}},"loc":{"start":{"line":5,"column":55},"end":{"line":123,"column":5}},"line":5},"2":{"name":"(anonymous_2)","decl":{"start":{"line":6,"column":24},"end":{"line":6,"column":25}},"loc":{"start":{"line":6,"column":38},"end":{"line":13,"column":7}},"line":6},"3":{"name":"(anonymous_3)","decl":{"start":{"line":15,"column":26},"end":{"line":15,"column":27}},"loc":{"start":{"line":15,"column":32},"end":{"line":17,"column":7}},"line":15},"4":{"name":"(anonymous_4)","decl":{"start":{"line":19,"column":27},"end":{"line":19,"column":28}},"loc":{"start":{"line":19,"column":47},"end":{"line":24,"column":7}},"line":19},"5":{"name":"(anonymous_5)","decl":{"start":{"line":26,"column":25},"end":{"line":26,"column":26}},"loc":{"start":{"line":26,"column":45},"end":{"line":48,"column":7}},"line":26},"6":{"name":"(anonymous_6)","decl":{"start":{"line":50,"column":18},"end":{"line":50,"column":19}},"loc":{"start":{"line":50,"column":24},"end":{"line":66,"column":7}},"line":50},"7":{"name":"(anonymous_7)","decl":{"start":{"line":68,"column":20},"end":{"line":68,"column":21}},"loc":{"start":{"line":68,"column":26},"end":{"line":84,"column":7}},"line":68},"8":{"name":"(anonymous_8)","decl":{"start":{"line":86,"column":21},"end":{"line":86,"column":22}},"loc":{"start":{"line":86,"column":27},"end":{"line":91,"column":7}},"line":86},"9":{"name":"(anonymous_9)","decl":{"start":{"line":93,"column":20},"end":{"line":93,"column":21}},"loc":{"start":{"line":93,"column":26},"end":{"line":98,"column":7}},"line":93},"10":{"name":"(anonymous_10)","decl":{"start":{"line":100,"column":21},"end":{"line":100,"column":22}},"loc":{"start":{"line":100,"column":27},"end":{"line":104,"column":7}},"line":100},"11":{"name":"(anonymous_11)","decl":{"start":{"line":109,"column":26},"end":{"line":109,"column":27}},"loc":{"start":{"line":109,"column":32},"end":{"line":122,"column":7}},"line":109}},"branchMap":{"0":{"loc":{"start":{"line":11,"column":28},"end":{"line":11,"column":44}},"type":"binary-expr","locations":[{"start":{"line":11,"column":28},"end":{"line":11,"column":38}},{"start":{"line":11,"column":42},"end":{"line":11,"column":44}}],"line":11},"1":{"loc":{"start":{"line":12,"column":22},"end":{"line":12,"column":61}},"type":"binary-expr","locations":[{"start":{"line":12,"column":22},"end":{"line":12,"column":56}},{"start":{"line":12,"column":60},"end":{"line":12,"column":61}}],"line":12},"2":{"loc":{"start":{"line":29,"column":8},"end":{"line":47,"column":9}},"type":"if","locations":[{"start":{"line":29,"column":8},"end":{"line":47,"column":9}},{"start":{"line":29,"column":8},"end":{"line":47,"column":9}}],"line":29},"3":{"loc":{"start":{"line":30,"column":10},"end":{"line":32,"column":11}},"type":"if","locations":[{"start":{"line":30,"column":10},"end":{"line":32,"column":11}},{"start":{"line":30,"column":10},"end":{"line":32,"column":11}}],"line":30},"4":{"loc":{"start":{"line":43,"column":10},"end":{"line":46,"column":14}},"type":"if","locations":[{"start":{"line":43,"column":10},"end":{"line":46,"column":14}},{"start":{"line":43,"column":10},"end":{"line":46,"column":14}}],"line":43},"5":{"loc":{"start":{"line":54,"column":8},"end":{"line":63,"column":9}},"type":"if","locations":[{"start":{"line":54,"column":8},"end":{"line":63,"column":9}},{"start":{"line":54,"column":8},"end":{"line":63,"column":9}}],"line":54},"6":{"loc":{"start":{"line":58,"column":12},"end":{"line":61,"column":13}},"type":"if","locations":[{"start":{"line":58,"column":12},"end":{"line":61,"column":13}},{"start":{"line":58,"column":12},"end":{"line":61,"column":13}}],"line":58},"7":{"loc":{"start":{"line":72,"column":8},"end":{"line":81,"column":9}},"type":"if","locations":[{"start":{"line":72,"column":8},"end":{"line":81,"column":9}},{"start":{"line":72,"column":8},"end":{"line":81,"column":9}}],"line":72},"8":{"loc":{"start":{"line":76,"column":12},"end":{"line":79,"column":13}},"type":"if","locations":[{"start":{"line":76,"column":12},"end":{"line":79,"column":13}},{"start":{"line":76,"column":12},"end":{"line":79,"column":13}}],"line":76},"9":{"loc":{"start":{"line":101,"column":8},"end":{"line":103,"column":9}},"type":"if","locations":[{"start":{"line":101,"column":8},"end":{"line":103,"column":9}},{"start":{"line":101,"column":8},"end":{"line":103,"column":9}}],"line":101},"10":{"loc":{"start":{"line":101,"column":12},"end":{"line":101,"column":56}},"type":"binary-expr","locations":[{"start":{"line":101,"column":12},"end":{"line":101,"column":28}},{"start":{"line":101,"column":32},"end":{"line":101,"column":56}}],"line":101},"11":{"loc":{"start":{"line":110,"column":8},"end":{"line":119,"column":9}},"type":"if","locations":[{"start":{"line":110,"column":8},"end":{"line":119,"column":9}},{"start":{"line":110,"column":8},"end":{"line":119,"column":9}}],"line":110},"12":{"loc":{"start":{"line":111,"column":10},"end":{"line":112,"column":46}},"type":"binary-expr","locations":[{"start":{"line":111,"column":10},"end":{"line":111,"column":59}},{"start":{"line":112,"column":10},"end":{"line":112,"column":46}}],"line":111},"13":{"loc":{"start":{"line":114,"column":10},"end":{"line":115,"column":66}},"type":"if","locations":[{"start":{"line":114,"column":10},"end":{"line":115,"column":66}},{"start":{"line":114,"column":10},"end":{"line":115,"column":66}}],"line":114}},"s":{"0":1,"1":1,"2":1,"3":1,"4":1,"5":1,"6":1,"7":1,"8":1,"9":4,"10":4,"11":1,"12":3,"13":3,"14":3,"15":2,"16":3,"17":3,"18":3,"19":0,"20":0,"21":1,"22":0,"23":0,"24":0,"25":0,"26":0,"27":0,"28":0,"29":0,"30":0,"31":0,"32":1,"33":1,"34":1,"35":1,"36":0,"37":0,"38":0,"39":0,"40":0,"41":0,"42":1,"43":1,"44":1,"45":1,"46":1,"47":1,"48":0,"49":0,"50":0,"51":1,"52":1,"53":1,"54":1,"55":1,"56":1,"57":1,"58":1,"59":1,"60":1,"61":1,"62":1},"f":{"0":1,"1":1,"2":1,"3":1,"4":4,"5":3,"6":0,"7":1,"8":1,"9":0,"10":1,"11":1},"b":{"0":[1,0],"1":[1,1],"2":[3,0],"3":[2,1],"4":[0,0],"5":[0,0],"6":[0,0],"7":[0,1],"8":[0,0],"9":[1,0],"10":[1,1],"11":[1,0],"12":[1,1],"13":[1,0]},"_coverageSchema":"43e27e138ebf9cfc5966b082cf9a028302ed4184","hash":"dedb7e35560cd4c4f2656893b56658e93008c46c"}
}
