TN:
SF:/home/runner/work/simple-keyboard-key-navigation/simple-keyboard-key-navigation/scripts/testMock.js
FNF:0
FNH:0
DA:1,1
LF:1
LH:1
BRF:0
BRH:0
end_of_record
TN:
SF:/home/runner/work/simple-keyboard-key-navigation/simple-keyboard-key-navigation/src/index.js
FN:4,(anonymous_0)
FN:5,(anonymous_1)
FN:6,(anonymous_2)
FN:15,(anonymous_3)
FN:19,(anonymous_4)
FN:26,(anonymous_5)
FN:50,(anonymous_6)
FN:68,(anonymous_7)
FN:86,(anonymous_8)
FN:93,(anonymous_9)
FN:100,(anonymous_10)
FN:109,(anonymous_11)
FNF:12
FNH:10
FNDA:1,(anonymous_0)
FNDA:1,(anonymous_1)
FNDA:1,(anonymous_2)
FNDA:1,(anonymous_3)
FNDA:4,(anonymous_4)
FNDA:3,(anonymous_5)
FNDA:0,(anonymous_6)
FNDA:1,(anonymous_7)
FNDA:1,(anonymous_8)
FNDA:0,(anonymous_9)
FNDA:1,(anonymous_10)
FNDA:1,(anonymous_11)
DA:4,1
DA:5,1
DA:6,1
DA:7,1
DA:11,1
DA:12,1
DA:15,1
DA:16,1
DA:19,1
DA:20,4
DA:21,4
DA:26,1
DA:27,3
DA:29,3
DA:30,3
DA:31,2
DA:34,3
DA:36,3
DA:38,3
DA:43,0
DA:44,0
DA:50,1
DA:51,0
DA:52,0
DA:54,0
DA:55,0
DA:56,0
DA:58,0
DA:59,0
DA:60,0
DA:65,0
DA:68,1
DA:69,1
DA:70,1
DA:72,1
DA:73,0
DA:74,0
DA:76,0
DA:77,0
DA:78,0
DA:83,1
DA:86,1
DA:87,1
DA:88,1
DA:90,1
DA:93,1
DA:94,0
DA:95,0
DA:97,0
DA:100,1
DA:101,1
DA:102,1
DA:106,1
DA:107,1
DA:109,1
DA:110,1
DA:114,1
DA:115,1
DA:117,1
DA:118,1
DA:121,1
LF:61
LH:42
BRDA:11,0,0,1
BRDA:11,0,1,0
BRDA:12,1,0,1
BRDA:12,1,1,1
BRDA:29,2,0,3
BRDA:29,2,1,0
BRDA:30,3,0,2
BRDA:30,3,1,1
BRDA:43,4,0,0
BRDA:43,4,1,0
BRDA:54,5,0,0
BRDA:54,5,1,0
BRDA:58,6,0,0
BRDA:58,6,1,0
BRDA:72,7,0,0
BRDA:72,7,1,1
BRDA:76,8,0,0
BRDA:76,8,1,0
BRDA:101,9,0,1
BRDA:101,9,1,0
BRDA:101,10,0,1
BRDA:101,10,1,1
BRDA:110,11,0,1
BRDA:110,11,1,0
BRDA:111,12,0,1
BRDA:111,12,1,1
BRDA:114,13,0,1
BRDA:114,13,1,0
BRF:28
BRH:14
end_of_record
